<?xml version="1.0" encoding="UTF-8"?>
<testsuite xmlns:xsi="http://www.w3.org/2001/XMLSchema-instance" xsi:noNamespaceSchemaLocation="https://maven.apache.org/surefire/maven-surefire-plugin/xsd/surefire-test-report-3.0.xsd" version="3.0" name="cucumber.Options.TestRunner" time="20.425" tests="4" errors="0" skipped="0" failures="0">
  <properties>
[...]
</properties>
  <testcase name="Verify if Place is being successfully added using AddPlaceAPI #1" classname="Validating Place APIs" time="8.08">
    <system-out><![CDATA[Request method:	POST
Request URI:	https://rahulshettyacademy.com/maps/api/place/add/json?key=qaclick123
Proxy:			<none>
Request params:	<none>
Query params:	key=qaclick123
Form params:	<none>
Path params:	<none>
Headers:		Accept=*/*
				Content-Type=application/json
Cookies:		<none>
Multiparts:		<none>
Body:
{
    "location": {
        "lat": -38.67563,
        "lng": 33.56677
    },
    "accuracy": 50,
    "name": "AAHouse",
    "phonenumber": "23132135",
    "types": [
        "shoe park",
        "shop"
    ],
    "langauage": "English",
    "address": "Word cross center",
    "website": "https://rahulshettyacademy.com"
}
]]></system-out>
  </testcase>
  <testcase name="Verify if Place is being successfully added using AddPlaceAPI #2" classname="Validating Place APIs" time="4.926">
    <system-out><![CDATA[Request method:	POST
Request URI:	https://rahulshettyacademy.com/maps/api/place/add/json?key=qaclick123
Proxy:			<none>
Request params:	<none>
Query params:	key=qaclick123
Form params:	<none>
Path params:	<none>
Headers:		Accept=*/*
				Content-Type=application/json
Cookies:		<none>
Multiparts:		<none>
Body:
{
    "location": {
        "lat": -38.67563,
        "lng": 33.56677
    },
    "accuracy": 50,
    "name": "White House",
    "phonenumber": "43743242",
    "types": [
        "shoe park",
        "shop"
    ],
    "langauage": "French-CA",
    "address": "Montreal",
    "website": "https://rahulshettyacademy.com"
}
]]></system-out>
  </testcase>
  <testcase name="Verify if Place is being successfully added using AddPlaceAPI #3" classname="Validating Place APIs" time="3.461">
    <system-out><![CDATA[Request method:	POST
Request URI:	https://rahulshettyacademy.com/maps/api/place/add/json?key=qaclick123
Proxy:			<none>
Request params:	<none>
Query params:	key=qaclick123
Form params:	<none>
Path params:	<none>
Headers:		Accept=*/*
				Content-Type=application/json
Cookies:		<none>
Multiparts:		<none>
Body:
{
    "location": {
        "lat": -38.67563,
        "lng": 33.56677
    },
    "accuracy": 50,
    "name": "THouse",
    "phonenumber": "64734432",
    "types": [
        "shoe park",
        "shop"
    ],
    "langauage": "English-CA",
    "address": "Vancouver",
    "website": "https://rahulshettyacademy.com"
}
]]></system-out>
  </testcase>
  <testcase name="Verify if the Delete Place functionality is working" classname="Validating Place APIs" time="2.567"/>
</testsuite>